### Custom WaveView ADV log file, revision T-2022.06 (build May 21, ) ###
### created at 16:41:17 on Fri Mar 14 2025 (Linux AMD64) ###
### Host Name: ee28   User ID: es25MCS042   PID: 96696   ###
wv_start_log
# (0) running in waveview only mode
# (0) SW_SX_PERL_LIB defined
# (0) SW_SX_TCL_LIB defined
# (0) HOME defined
wv_move_window {Custom WaveView} {} 2110 213
wv_select_window {Custom WaveView} 
wv_resize_window {Custom WaveView} 1920 1009
wv_move_window {Custom WaveView} {} 2110 213
wv_press_tool_button {Custom WaveView} {} {RecentFile0} 
wv_resize_browser {Custom WaveView} {} {WV.Browser} 250 866
wv_resize_browser {Custom WaveView} {} {waveview 1:1} 1660 840
wv_resize_window {Custom WaveView} 1920 1009
wv_move_window {Custom WaveView} {} 1920 23
wv_expand_tree_item {Custom WaveView} {} {hierview} {D0:ex1_1.lis(0)} {+sep=@}
wv_select_tree_item {Custom WaveView} {} {hierview} {D0:ex1_1.lis(0)@toplevel(0)} {0} {+sep=@}
wv_select_list_item {Custom WaveView} {} {sigview} {qb} 1
wv_drag_list_item {Custom WaveView} {} {sigview} {qb} 1
wv_dclick_list_item {Custom WaveView} {} {sigview} {qb} 1
wv_select_list_item {Custom WaveView} {} {sigview} {q} 0
wv_dclick_list_item {Custom WaveView} {} {sigview} {q} 0
wv_select_waveview 1 {waveview 1}
wv_select_wv_item WV1.PANEL2:1.LINE1
wv_drag_item_to WV1 45 410
wv_select_line WV1.PANEL2:1.LINE1
wv_drag_enter WV1
wv_drag_to WV1 58 370
wv_drag_to WV1 67 23
wv_drag_to WV1 65 26
wv_drop_on WV1
wv_drag_item_to WV1 45 410
wv_close_window {Custom WaveView} 
wv_select_dialog {Confirmation} 
#wv_press_button {Confirmation} {} {Ok} 
